#
# A fatal error has been detected by the Java Runtime Environment:
#
#  SIGSEGV (0xb) at pc=0x0000000106246908, pid=42824, tid=16643
#
# JRE version: Java(TM) SE Runtime Environment (8.0_65-b17) (build 1.8.0_65-b17)
# Java VM: Java HotSpot(TM) 64-Bit Server VM (25.65-b01 mixed mode bsd-amd64 compressed oops)
# Problematic frame:
# V  [libjvm.dylib+0x446908]
#
# Failed to write core dump. Core dumps have been disabled. To enable core dumping, try "ulimit -c unlimited" before starting Java again
#
# If you would like to submit a bug report, please visit:
#   http://bugreport.java.com/bugreport/crash.jsp
#

---------------  T H R E A D  ---------------

Current thread (0x00007fa34980f000):  JavaThread "JDWP Transport Listener: dt_socket" daemon [_thread_in_vm, id=16643, stack(0x00000001debc2000,0x00000001decc2000)]

siginfo: si_signo: 11 (SIGSEGV), si_code: 0 (unknown), si_addr: 0x0000000000000000

Registers:
RAX=0x0000000000000001, RBX=0x00000001decc1a8b, RCX=0x0000000106615310, RDX=0x00000001decc1a8b
RSP=0x00000001decc19d0, RBP=0x00000001decc19e0, RSI=0x00007fa34980f000, RDI=0x00023b003b6e6f00
R8 =0x0000000000000000, R9 =0x00007fa348e00000, R10=0x0000000000000010, R11=0x00007fa348e00000
R12=0x00007fa34980f000, R13=0x00023b003b6e6f00, R14=0x00023b003b6e6f00, R15=0x00007fa348e1e640
RIP=0x0000000106246908, EFLAGS=0x0000000000010206, ERR=0x0000000000000000
  TRAPNO=0x000000000000000d

Top of Stack: (sp=0x00000001decc19d0)
0x00000001decc19d0:   00000001decc1a8b 00000001decc1a8b
0x00000001decc19e0:   00000001decc1a40 0000000106155a02
0x00000001decc19f0:   00007fa34980f000 0000000000000000
0x00000001decc1a00:   0000000000000000 0000000000000000
0x00000001decc1a10:   00007fa34980f000 00007fa34980f000
0x00000001decc1a20:   00000001decc1a8b 00000001decc1a90
0x00000001decc1a30:   00023b003b6e6f00 0000000000000003
0x00000001decc1a40:   00000001decc1a60 0000000106ee1780
0x00000001decc1a50:   0000000000000001 00000001decc1b08
0x00000001decc1a60:   00000001decc1ad0 0000000106ec61f3
0x00000001decc1a70:   00000001decc1aa0 00007fa348e2d260
0x00000001decc1a80:   0000000400000032 0000008100cc1b08
0x00000001decc1a90:   0000000000000000 0000000000000000
0x00000001decc1aa0:   0000000000000000 00000001decc1c90
0x00000001decc1ab0:   0000000106ee8e7a 00007fa348c09b70
0x00000001decc1ac0:   00000001decc1b08 0000000106ef4598
0x00000001decc1ad0:   00000001decc1ae0 0000000106ec62ec
0x00000001decc1ae0:   00000001decc1d00 0000000106ecf898
0x00000001decc1af0:   0000006800000013 00000000000f0200
0x00000001decc1b00:   00007fa348c00070 00000001decc1bfc
0x00000001decc1b10:   00007fa300000088 00000001decc1b20
0x00000001decc1b20:   00007fa3000000a4 00000001decc1b58
0x00000001decc1b30:   0000000000000000 00007f0000000000
0x00000001decc1b40:   000000680000001c 00007fff00000780
0x00000001decc1b50:   00000001decc1b58 a37f000004000000
0x00000001decc1b60:   08000000b8dbd448 30246164626d616c
0x00000001decc1b70:   6f634c281d000000 74616d2f6b6d2f6d
0x00000001decc1b80:   614d2f79656b6863 293b79654b686374
0x00000001decc1b90:   1000f00000000056 dbd448a37f00000a
0x00000001decc1ba0:   69616d04000000a8 4c5b28160000006e
0x00000001decc1bb0:   6e616c2f6176616a 676e697274532f67
0x00000001decc1bc0:   000000000056293b 48a37f0000090000 

Instructions: (pc=0x0000000106246908)
0x00000001062468e8:   40 48 48 85 c0 75 e0 30 c0 0f b6 c0 5d c3 31 c0
0x00000001062468f8:   5d c3 55 48 89 e5 53 48 83 ec 08 48 85 ff 74 24
0x0000000106246908:   48 8b 1f 48 85 db 74 1c 48 83 fb 37 74 16 48 8b
0x0000000106246918:   03 48 89 df ff 50 10 84 c0 b8 00 00 00 00 48 0f 

Register to memory mapping:

RAX=0x0000000000000001 is an unknown value
RBX=0x00000001decc1a8b is pointing into the stack for thread: 0x00007fa34980f000
RCX=0x0000000106615310: UseMembar+0 in /Library/Java/JavaVirtualMachines/jdk1.8.0_65.jdk/Contents/Home/jre/lib/server/libjvm.dylib at 0x0000000105e00000
RDX=0x00000001decc1a8b is pointing into the stack for thread: 0x00007fa34980f000
RSP=0x00000001decc19d0 is pointing into the stack for thread: 0x00007fa34980f000
RBP=0x00000001decc19e0 is pointing into the stack for thread: 0x00007fa34980f000
RSI=0x00007fa34980f000 is a thread
RDI=0x00023b003b6e6f00 is an unknown value
R8 =0x0000000000000000 is an unknown value
R9 =0x00007fa348e00000 is an unknown value
R10=0x0000000000000010 is an unknown value
R11=0x00007fa348e00000 is an unknown value
R12=0x00007fa34980f000 is a thread
R13=0x00023b003b6e6f00 is an unknown value
R14=0x00023b003b6e6f00 is an unknown value
R15=0x00007fa348e1e640 is an unknown value


Stack: [0x00000001debc2000,0x00000001decc2000],  sp=0x00000001decc19d0,  free space=1022k
Native frames: (J=compiled Java code, j=interpreted, Vv=VM code, C=native code)
V  [libjvm.dylib+0x446908]
V  [libjvm.dylib+0x355a02]
C  [libjdwp.dylib+0x20780]  isMethodSynthetic+0x63
C  [libjdwp.dylib+0x51f3]  methods1+0x10b
C  [libjdwp.dylib+0x52ec]  methodsWithGeneric+0xe
C  [libjdwp.dylib+0xe898]  debugLoop_run+0x1ce
C  [libjdwp.dylib+0x1f6ba]  attachThread+0x4d
V  [libjvm.dylib+0x396d60]
V  [libjvm.dylib+0x5612d3]
V  [libjvm.dylib+0x5629ce]
V  [libjvm.dylib+0x48342e]
C  [libsystem_pthread.dylib+0x405a]  _pthread_body+0x83
C  [libsystem_pthread.dylib+0x3fd7]  _pthread_body+0x0
C  [libsystem_pthread.dylib+0x13ed]  thread_start+0xd
C  0x0000000000000000


---------------  P R O C E S S  ---------------

Java Threads: ( => current thread )
  0x00007fa34903d000 JavaThread "Service Thread" daemon [_thread_blocked, id=19715, stack(0x00000001df1d4000,0x00000001df2d4000)]
  0x00007fa349024000 JavaThread "C1 CompilerThread2" daemon [_thread_blocked, id=19203, stack(0x00000001df0d1000,0x00000001df1d1000)]
  0x00007fa349023800 JavaThread "C2 CompilerThread1" daemon [_thread_blocked, id=18691, stack(0x00000001defce000,0x00000001df0ce000)]
  0x00007fa34900f800 JavaThread "C2 CompilerThread0" daemon [_thread_blocked, id=18179, stack(0x00000001deecb000,0x00000001defcb000)]
  0x00007fa34a834000 JavaThread "JDWP Command Reader" daemon [_thread_in_native, id=17667, stack(0x00000001dedc8000,0x00000001deec8000)]
  0x00007fa34a870000 JavaThread "JDWP Event Helper Thread" daemon [_thread_blocked, id=17155, stack(0x00000001decc5000,0x00000001dedc5000)]
=>0x00007fa34980f000 JavaThread "JDWP Transport Listener: dt_socket" daemon [_thread_in_vm, id=16643, stack(0x00000001debc2000,0x00000001decc2000)]
  0x00007fa34a012000 JavaThread "Signal Dispatcher" daemon [_thread_blocked, id=13331, stack(0x00000001deab8000,0x00000001debb8000)]
  0x00007fa34a85c000 JavaThread "Finalizer" daemon [_thread_blocked, id=11523, stack(0x00000001dd0b2000,0x00000001dd1b2000)]
  0x00007fa34a85b000 JavaThread "Reference Handler" daemon [_thread_blocked, id=11011, stack(0x00000001dcfaf000,0x00000001dd0af000)]
  0x00007fa34a001000 JavaThread "main" [_thread_blocked, id=4867, stack(0x0000000106d8a000,0x0000000106e8a000)]

Other Threads:
  0x00007fa34a858800 VMThread [stack: 0x00000001dceac000,0x00000001dcfac000] [id=10499]
  0x00007fa34904d800 WatcherThread [stack: 0x00000001df2d7000,0x00000001df3d7000] [id=20227]

VM state:not at safepoint (normal execution)

VM Mutex/Monitor currently owned by a thread: None

Heap:
 PSYoungGen      total 38400K, used 3328K [0x000000016bb80000, 0x000000016e600000, 0x0000000196600000)
  eden space 33280K, 10% used [0x000000016bb80000,0x000000016bec0198,0x000000016dc00000)
  from space 5120K, 0% used [0x000000016e100000,0x000000016e100000,0x000000016e600000)
  to   space 5120K, 0% used [0x000000016dc00000,0x000000016dc00000,0x000000016e100000)
 ParOldGen       total 87552K, used 0K [0x0000000116600000, 0x000000011bb80000, 0x000000016bb80000)
  object space 87552K, 0% used [0x0000000116600000,0x0000000116600000,0x000000011bb80000)
 Metaspace       used 2763K, capacity 4490K, committed 4864K, reserved 1056768K
  class space    used 294K, capacity 386K, committed 512K, reserved 1048576K

Card table byte_map: [0x0000000196600000,0x0000000196a01000] byte_map_base: 0x0000000195d4d000

Marking Bits: (ParMarkBitMap*) 0x00000001066dee20
 Begin Bits: [0x0000000196fb5000, 0x0000000198fb5000)
 End Bits:   [0x0000000198fb5000, 0x000000019afb5000)

Polling page: 0x00000001055ff000

CodeCache: size=245760Kb used=1125Kb max_used=1125Kb free=244634Kb
 bounds [0x0000000106f22000, 0x0000000107192000, 0x0000000115f22000]
 total_blobs=265 nmethods=41 adapters=146
 compilation: enabled

Compilation events (10 events):
Event: 0.307 Thread 0x00007fa349024000   37       3       java.util.jar.Attributes$Name::isAlpha (30 bytes)
Event: 0.307 Thread 0x00007fa349024000 nmethod 37 0x000000010703a090 code [0x000000010703a200, 0x000000010703a430]
Event: 0.308 Thread 0x00007fa349024000   38       3       sun.misc.ASCIICaseInsensitiveComparator::toLower (16 bytes)
Event: 0.308 Thread 0x00007fa349024000 nmethod 38 0x000000010703a690 code [0x000000010703a800, 0x000000010703aa50]
Event: 0.308 Thread 0x00007fa349024000   39       3       sun.misc.ASCIICaseInsensitiveComparator::isUpper (18 bytes)
Event: 0.308 Thread 0x00007fa349024000 nmethod 39 0x000000010703ab10 code [0x000000010703ac80, 0x000000010703ae30]
Event: 0.308 Thread 0x00007fa349024000   40       3       java.lang.Character::toUpperCaseEx (30 bytes)
Event: 0.308 Thread 0x00007fa349024000 nmethod 40 0x000000010703ae90 code [0x000000010703b000, 0x000000010703b258]
Event: 0.308 Thread 0x00007fa349024000   41       3       java.lang.CharacterDataLatin1::toUpperCaseEx (71 bytes)
Event: 0.309 Thread 0x00007fa349024000 nmethod 41 0x000000010703b350 code [0x000000010703b4c0, 0x000000010703b770]

GC Heap History (0 events):
No events

Deoptimization events (0 events):
No events

Internal exceptions (2 events):
Event: 0.043 Thread 0x00007fa34a001000 Exception <a 'java/lang/NoSuchMethodError': Method sun.misc.Unsafe.defineClass(Ljava/lang/String;[BII)Ljava/lang/Class; name or signature does not match> (0x000000016bb92d70) thrown at [/Users/java_re/workspace/8-2-build-macosx-x86_64/jdk8u65/4987/hotspot
Event: 0.043 Thread 0x00007fa34a001000 Exception <a 'java/lang/NoSuchMethodError': Method sun.misc.Unsafe.prefetchRead(Ljava/lang/Object;J)V name or signature does not match> (0x000000016bb93058) thrown at [/Users/java_re/workspace/8-2-build-macosx-x86_64/jdk8u65/4987/hotspot/src/share/vm/prim

Events (10 events):
Event: 0.322 Executing VM operation: ChangeBreakpoints
Event: 0.322 Executing VM operation: ChangeBreakpoints done
Event: 0.324 loading class java/util/concurrent/ConcurrentHashMap$ForwardingNode
Event: 0.324 loading class java/util/concurrent/ConcurrentHashMap$ForwardingNode done
Event: 0.324 loading class java/lang/Void
Event: 0.324 loading class java/lang/Void done
Event: 4.329 Executing VM operation: EnableBiasedLocking
Event: 4.329 Executing VM operation: EnableBiasedLocking done
Event: 79.264 Executing VM operation: RedefineClasses
Event: 79.265 Executing VM operation: RedefineClasses done


Dynamic libraries:
0x000000000cfdc000 	/System/Library/Frameworks/Cocoa.framework/Versions/A/Cocoa
0x000000000cfdc000 	/System/Library/Frameworks/Security.framework/Versions/A/Security
0x000000000cfdc000 	/System/Library/Frameworks/ApplicationServices.framework/Versions/A/ApplicationServices
0x000000000cfdc000 	/usr/lib/libz.1.dylib
0x000000000cfdc000 	/usr/lib/libSystem.B.dylib
0x000000000cfdc000 	/usr/lib/libobjc.A.dylib
0x000000000cfdc000 	/System/Library/Frameworks/CoreFoundation.framework/Versions/A/CoreFoundation
0x000000000cfdc000 	/System/Library/Frameworks/Foundation.framework/Versions/C/Foundation
0x000000000cfdc000 	/System/Library/Frameworks/AppKit.framework/Versions/C/AppKit
0x000000000cfdc000 	/System/Library/Frameworks/CoreData.framework/Versions/A/CoreData
0x000000000cfdc000 	/System/Library/PrivateFrameworks/RemoteViewServices.framework/Versions/A/RemoteViewServices
0x000000000cfdc000 	/System/Library/PrivateFrameworks/UIFoundation.framework/Versions/A/UIFoundation
0x000000000cfdc000 	/System/Library/Frameworks/IOSurface.framework/Versions/A/IOSurface
0x000000000cfdc000 	/System/Library/Frameworks/AudioToolbox.framework/Versions/A/AudioToolbox
0x000000000cfdc000 	/System/Library/Frameworks/AudioUnit.framework/Versions/A/AudioUnit
0x000000000cfdc000 	/System/Library/PrivateFrameworks/DataDetectorsCore.framework/Versions/A/DataDetectorsCore
0x000000000cfdc000 	/System/Library/PrivateFrameworks/DesktopServicesPriv.framework/Versions/A/DesktopServicesPriv
0x000000000cfdc000 	/System/Library/Frameworks/Carbon.framework/Versions/A/Frameworks/HIToolbox.framework/Versions/A/HIToolbox
0x000000000cfdc000 	/System/Library/Frameworks/QuartzCore.framework/Versions/A/QuartzCore
0x000000000cfdc000 	/System/Library/Frameworks/Carbon.framework/Versions/A/Frameworks/SpeechRecognition.framework/Versions/A/SpeechRecognition
0x000000000cfdc000 	/usr/lib/libauto.dylib
0x000000000cfdc000 	/usr/lib/libicucore.A.dylib
0x000000000cfdc000 	/usr/lib/libxml2.2.dylib
0x000000000cfdc000 	/System/Library/PrivateFrameworks/CoreUI.framework/Versions/A/CoreUI
0x000000000cfdc000 	/System/Library/Frameworks/CoreAudio.framework/Versions/A/CoreAudio
0x000000000cfdc000 	/System/Library/Frameworks/DiskArbitration.framework/Versions/A/DiskArbitration
0x000000000cfdc000 	/usr/lib/liblangid.dylib
0x000000000cfdc000 	/System/Library/PrivateFrameworks/MultitouchSupport.framework/Versions/A/MultitouchSupport
0x000000000cfdc000 	/System/Library/Frameworks/IOKit.framework/Versions/A/IOKit
0x000000000cfdc000 	/usr/lib/libDiagnosticMessagesClient.dylib
0x000000000cfdc000 	/System/Library/Frameworks/CoreServices.framework/Versions/A/CoreServices
0x000000000cfdc000 	/System/Library/PrivateFrameworks/PerformanceAnalysis.framework/Versions/A/PerformanceAnalysis
0x000000000cfdc000 	/System/Library/PrivateFrameworks/GenerationalStorage.framework/Versions/A/GenerationalStorage
0x000000000cfdc000 	/System/Library/Frameworks/OpenGL.framework/Versions/A/OpenGL
0x000000000cfdc000 	/System/Library/PrivateFrameworks/Sharing.framework/Versions/A/Sharing
0x000000000cfdc000 	/System/Library/Frameworks/CoreGraphics.framework/Versions/A/CoreGraphics
0x000000000cfdc000 	/System/Library/Frameworks/CoreText.framework/Versions/A/CoreText
0x000000000cfdc000 	/System/Library/Frameworks/ImageIO.framework/Versions/A/ImageIO
0x000000000cfdc000 	/usr/lib/libextension.dylib
0x000000000cfdc000 	/System/Library/PrivateFrameworks/Backup.framework/Versions/A/Backup
0x000000000cfdc000 	/usr/lib/libarchive.2.dylib
0x000000000cfdc000 	/System/Library/Frameworks/CFNetwork.framework/Versions/A/CFNetwork
0x000000000cfdc000 	/System/Library/Frameworks/SystemConfiguration.framework/Versions/A/SystemConfiguration
0x000000000cfdc000 	/usr/lib/libCRFSuite.dylib
0x000000000cfdc000 	/usr/lib/libc++.1.dylib
0x000000000cfdc000 	/usr/lib/libc++abi.dylib
0x000000000cfdc000 	/usr/lib/system/libcache.dylib
0x000000000cfdc000 	/usr/lib/system/libcommonCrypto.dylib
0x000000000cfdc000 	/usr/lib/system/libcompiler_rt.dylib
0x000000000cfdc000 	/usr/lib/system/libcopyfile.dylib
0x000000000cfdc000 	/usr/lib/system/libcorecrypto.dylib
0x000000000cfdc000 	/usr/lib/system/libdispatch.dylib
0x000000000cfdc000 	/usr/lib/system/libdyld.dylib
0x000000000cfdc000 	/usr/lib/system/libkeymgr.dylib
0x000000000cfdc000 	/usr/lib/system/liblaunch.dylib
0x000000000cfdc000 	/usr/lib/system/libmacho.dylib
0x000000000cfdc000 	/usr/lib/system/libquarantine.dylib
0x000000000cfdc000 	/usr/lib/system/libremovefile.dylib
0x000000000cfdc000 	/usr/lib/system/libsystem_asl.dylib
0x000000000cfdc000 	/usr/lib/system/libsystem_blocks.dylib
0x000000000cfdc000 	/usr/lib/system/libsystem_c.dylib
0x000000000cfdc000 	/usr/lib/system/libsystem_configuration.dylib
0x000000000cfdc000 	/usr/lib/system/libsystem_coreservices.dylib
0x000000000cfdc000 	/usr/lib/system/libsystem_coretls.dylib
0x000000000cfdc000 	/usr/lib/system/libsystem_dnssd.dylib
0x000000000cfdc000 	/usr/lib/system/libsystem_info.dylib
0x000000000cfdc000 	/usr/lib/system/libsystem_kernel.dylib
0x000000000cfdc000 	/usr/lib/system/libsystem_m.dylib
0x000000000cfdc000 	/usr/lib/system/libsystem_malloc.dylib
0x000000000cfdc000 	/usr/lib/system/libsystem_network.dylib
0x000000000cfdc000 	/usr/lib/system/libsystem_networkextension.dylib
0x000000000cfdc000 	/usr/lib/system/libsystem_notify.dylib
0x000000000cfdc000 	/usr/lib/system/libsystem_platform.dylib
0x000000000cfdc000 	/usr/lib/system/libsystem_pthread.dylib
0x000000000cfdc000 	/usr/lib/system/libsystem_sandbox.dylib
0x000000000cfdc000 	/usr/lib/system/libsystem_secinit.dylib
0x000000000cfdc000 	/usr/lib/system/libsystem_stats.dylib
0x000000000cfdc000 	/usr/lib/system/libsystem_trace.dylib
0x000000000cfdc000 	/usr/lib/system/libunc.dylib
0x000000000cfdc000 	/usr/lib/system/libunwind.dylib
0x000000000cfdc000 	/usr/lib/system/libxpc.dylib
0x000000000cfdc000 	/usr/lib/libbz2.1.0.dylib
0x000000000cfdc000 	/usr/lib/liblzma.5.dylib
0x000000000cfdc000 	/usr/lib/libbsm.0.dylib
0x000000000cfdc000 	/usr/lib/libsqlite3.dylib
0x000000000cfdc000 	/usr/lib/system/libkxld.dylib
0x000000000cfdc000 	/usr/lib/libxar.1.dylib
0x000000000cfdc000 	/usr/lib/libpam.2.dylib
0x000000000cfdc000 	/usr/lib/libOpenScriptingUtil.dylib
0x000000000cfdc000 	/System/Library/Frameworks/CoreServices.framework/Versions/A/Frameworks/FSEvents.framework/Versions/A/FSEvents
0x000000000cfdc000 	/System/Library/Frameworks/CoreServices.framework/Versions/A/Frameworks/CarbonCore.framework/Versions/A/CarbonCore
0x000000000cfdc000 	/System/Library/Frameworks/CoreServices.framework/Versions/A/Frameworks/Metadata.framework/Versions/A/Metadata
0x000000000cfdc000 	/System/Library/Frameworks/CoreServices.framework/Versions/A/Frameworks/OSServices.framework/Versions/A/OSServices
0x000000000cfdc000 	/System/Library/Frameworks/CoreServices.framework/Versions/A/Frameworks/SearchKit.framework/Versions/A/SearchKit
0x000000000cfdc000 	/System/Library/Frameworks/CoreServices.framework/Versions/A/Frameworks/AE.framework/Versions/A/AE
0x000000000cfdc000 	/System/Library/Frameworks/CoreServices.framework/Versions/A/Frameworks/LaunchServices.framework/Versions/A/LaunchServices
0x000000000cfdc000 	/System/Library/Frameworks/CoreServices.framework/Versions/A/Frameworks/DictionaryServices.framework/Versions/A/DictionaryServices
0x000000000cfdc000 	/System/Library/Frameworks/NetFS.framework/Versions/A/NetFS
0x000000000cfdc000 	/System/Library/PrivateFrameworks/NetAuth.framework/Versions/A/NetAuth
0x000000000cfdc000 	/System/Library/PrivateFrameworks/login.framework/Versions/A/Frameworks/loginsupport.framework/Versions/A/loginsupport
0x000000000cfdc000 	/System/Library/PrivateFrameworks/TCC.framework/Versions/A/TCC
0x000000000cfdc000 	/usr/lib/libmecabra.dylib
0x000000000cfdc000 	/System/Library/Frameworks/ApplicationServices.framework/Versions/A/Frameworks/ATS.framework/Versions/A/ATS
0x000000000cfdc000 	/System/Library/Frameworks/ApplicationServices.framework/Versions/A/Frameworks/ColorSync.framework/Versions/A/ColorSync
0x000000000cfdc000 	/System/Library/Frameworks/ApplicationServices.framework/Versions/A/Frameworks/HIServices.framework/Versions/A/HIServices
0x000000000cfdc000 	/System/Library/Frameworks/ApplicationServices.framework/Versions/A/Frameworks/LangAnalysis.framework/Versions/A/LangAnalysis
0x000000000cfdc000 	/System/Library/Frameworks/ApplicationServices.framework/Versions/A/Frameworks/PrintCore.framework/Versions/A/PrintCore
0x000000000cfdc000 	/System/Library/Frameworks/ApplicationServices.framework/Versions/A/Frameworks/QD.framework/Versions/A/QD
0x000000000cfdc000 	/System/Library/Frameworks/ApplicationServices.framework/Versions/A/Frameworks/SpeechSynthesis.framework/Versions/A/SpeechSynthesis
0x000000000cfdc000 	/System/Library/Frameworks/Accelerate.framework/Versions/A/Accelerate
0x000000000cfdc000 	/System/Library/Frameworks/Accelerate.framework/Versions/A/Frameworks/vImage.framework/Versions/A/vImage
0x000000000cfdc000 	/System/Library/Frameworks/Accelerate.framework/Versions/A/Frameworks/vecLib.framework/Versions/A/vecLib
0x000000000cfdc000 	/System/Library/Frameworks/Accelerate.framework/Versions/A/Frameworks/vecLib.framework/Versions/A/libvDSP.dylib
0x000000000cfdc000 	/System/Library/Frameworks/Accelerate.framework/Versions/A/Frameworks/vecLib.framework/Versions/A/libvMisc.dylib
0x000000000cfdc000 	/System/Library/Frameworks/Accelerate.framework/Versions/A/Frameworks/vecLib.framework/Versions/A/libLAPACK.dylib
0x000000000cfdc000 	/System/Library/Frameworks/Accelerate.framework/Versions/A/Frameworks/vecLib.framework/Versions/A/libBLAS.dylib
0x000000000cfdc000 	/System/Library/Frameworks/Accelerate.framework/Versions/A/Frameworks/vecLib.framework/Versions/A/libLinearAlgebra.dylib
0x000000000cfdc000 	/System/Library/Frameworks/ApplicationServices.framework/Versions/A/Frameworks/ATS.framework/Versions/A/Resources/libFontParser.dylib
0x000000000cfdc000 	/System/Library/Frameworks/ApplicationServices.framework/Versions/A/Frameworks/ATS.framework/Versions/A/Resources/libFontRegistry.dylib
0x000000000cfdc000 	/System/Library/PrivateFrameworks/AppleVPA.framework/Versions/A/AppleVPA
0x000000000cfdc000 	/System/Library/PrivateFrameworks/AppleJPEG.framework/Versions/A/AppleJPEG
0x000000000cfdc000 	/System/Library/Frameworks/ImageIO.framework/Versions/A/Resources/libJPEG.dylib
0x000000000cfdc000 	/System/Library/Frameworks/ImageIO.framework/Versions/A/Resources/libTIFF.dylib
0x000000000cfdc000 	/System/Library/Frameworks/ImageIO.framework/Versions/A/Resources/libPng.dylib
0x000000000cfdc000 	/System/Library/Frameworks/ImageIO.framework/Versions/A/Resources/libGIF.dylib
0x000000000cfdc000 	/System/Library/Frameworks/ImageIO.framework/Versions/A/Resources/libJP2.dylib
0x000000000cfdc000 	/System/Library/Frameworks/ImageIO.framework/Versions/A/Resources/libRadiance.dylib
0x000000000cfdc000 	/System/Library/Frameworks/CoreVideo.framework/Versions/A/CoreVideo
0x000000000cfdc000 	/System/Library/Frameworks/OpenGL.framework/Versions/A/Libraries/libGLU.dylib
0x000000000cfdc000 	/System/Library/Frameworks/OpenGL.framework/Versions/A/Libraries/libGFXShared.dylib
0x000000000cfdc000 	/System/Library/Frameworks/OpenGL.framework/Versions/A/Libraries/libGL.dylib
0x000000000cfdc000 	/System/Library/Frameworks/OpenGL.framework/Versions/A/Libraries/libGLImage.dylib
0x000000000cfdc000 	/System/Library/Frameworks/OpenGL.framework/Versions/A/Libraries/libCVMSPluginSupport.dylib
0x000000000cfdc000 	/System/Library/Frameworks/OpenGL.framework/Versions/A/Libraries/libCoreVMClient.dylib
0x000000000cfdc000 	/usr/lib/libcups.2.dylib
0x000000000cfdc000 	/System/Library/Frameworks/Kerberos.framework/Versions/A/Kerberos
0x000000000cfdc000 	/System/Library/Frameworks/GSS.framework/Versions/A/GSS
0x000000000cfdc000 	/usr/lib/libresolv.9.dylib
0x000000000cfdc000 	/usr/lib/libiconv.2.dylib
0x000000000cfdc000 	/System/Library/PrivateFrameworks/Heimdal.framework/Versions/A/Heimdal
0x000000000cfdc000 	/usr/lib/libheimdal-asn1.dylib
0x000000000cfdc000 	/System/Library/Frameworks/OpenDirectory.framework/Versions/A/OpenDirectory
0x000000000cfdc000 	/System/Library/PrivateFrameworks/CommonAuth.framework/Versions/A/CommonAuth
0x000000000cfdc000 	/System/Library/Frameworks/OpenDirectory.framework/Versions/A/Frameworks/CFOpenDirectory.framework/Versions/A/CFOpenDirectory
0x000000000cfdc000 	/System/Library/Frameworks/SecurityFoundation.framework/Versions/A/SecurityFoundation
0x000000000cfdc000 	/System/Library/PrivateFrameworks/LanguageModeling.framework/Versions/A/LanguageModeling
0x000000000cfdc000 	/usr/lib/libcmph.dylib
0x000000000cfdc000 	/System/Library/Frameworks/ServiceManagement.framework/Versions/A/ServiceManagement
0x000000000cfdc000 	/usr/lib/libxslt.1.dylib
0x000000000cfdc000 	/System/Library/Frameworks/Carbon.framework/Versions/A/Frameworks/Ink.framework/Versions/A/Ink
0x000000000cfdc000 	/System/Library/Frameworks/QuartzCore.framework/Versions/A/Frameworks/CoreImage.framework/Versions/A/CoreImage
0x000000000cfdc000 	/System/Library/PrivateFrameworks/CrashReporterSupport.framework/Versions/A/CrashReporterSupport
0x000000000cfdc000 	/System/Library/Frameworks/OpenCL.framework/Versions/A/OpenCL
0x000000000cfdc000 	/System/Library/PrivateFrameworks/FaceCore.framework/Versions/A/FaceCore
0x000000000cfdc000 	/System/Library/PrivateFrameworks/Ubiquity.framework/Versions/A/Ubiquity
0x000000000cfdc000 	/System/Library/PrivateFrameworks/IconServices.framework/Versions/A/IconServices
0x000000000cfdc000 	/System/Library/PrivateFrameworks/ChunkingLibrary.framework/Versions/A/ChunkingLibrary
0x000000000cfdc000 	/System/Library/PrivateFrameworks/Apple80211.framework/Versions/A/Apple80211
0x000000000cfdc000 	/System/Library/Frameworks/CoreWLAN.framework/Versions/A/CoreWLAN
0x000000000cfdc000 	/System/Library/Frameworks/IOBluetooth.framework/Versions/A/IOBluetooth
0x000000000cfdc000 	/System/Library/PrivateFrameworks/CoreWiFi.framework/Versions/A/CoreWiFi
0x000000000cfdc000 	/System/Library/Frameworks/CoreBluetooth.framework/Versions/A/CoreBluetooth
0x000000000cfdc000 	/System/Library/PrivateFrameworks/DebugSymbols.framework/Versions/A/DebugSymbols
0x000000000cfdc000 	/System/Library/PrivateFrameworks/CoreSymbolication.framework/Versions/A/CoreSymbolication
0x000000000cfdc000 	/System/Library/PrivateFrameworks/Symbolication.framework/Versions/A/Symbolication
0x000000000cfdc000 	/System/Library/PrivateFrameworks/SpeechRecognitionCore.framework/Versions/A/SpeechRecognitionCore
0x0000000105e00000 	/Library/Java/JavaVirtualMachines/jdk1.8.0_65.jdk/Contents/Home/jre/lib/server/libjvm.dylib
0x000000000cfdc000 	/usr/lib/libstdc++.6.dylib
0x00000001055f1000 	/Library/Java/JavaVirtualMachines/jdk1.8.0_65.jdk/Contents/Home/jre/lib/libverify.dylib
0x0000000106e8c000 	/Library/Java/JavaVirtualMachines/jdk1.8.0_65.jdk/Contents/Home/jre/lib/libjava.dylib
0x0000000106ec1000 	/Library/Java/JavaVirtualMachines/jdk1.8.0_65.jdk/Contents/Home/jre/lib/libjdwp.dylib
0x0000000106f0c000 	/Library/Java/JavaVirtualMachines/jdk1.8.0_65.jdk/Contents/Home/jre/lib/libnpt.dylib
0x0000000106f19000 	/Library/Java/JavaVirtualMachines/jdk1.8.0_65.jdk/Contents/Home/jre/lib/libzip.dylib
0x00000001163e6000 	/System/Library/Frameworks/JavaVM.framework/Frameworks/JavaRuntimeSupport.framework/JavaRuntimeSupport
0x00000001dd1b4000 	/System/Library/Frameworks/JavaVM.framework/Versions/A/Frameworks/JavaNativeFoundation.framework/Versions/A/JavaNativeFoundation
0x00000001dd1c8000 	/System/Library/Frameworks/JavaVM.framework/Versions/A/JavaVM
0x000000000cfdc000 	/System/Library/Frameworks/Carbon.framework/Versions/A/Carbon
0x00000001dd1d4000 	/System/Library/PrivateFrameworks/JavaLaunching.framework/Versions/A/JavaLaunching
0x000000000cfdc000 	/System/Library/Frameworks/Carbon.framework/Versions/A/Frameworks/CommonPanels.framework/Versions/A/CommonPanels
0x000000000cfdc000 	/System/Library/Frameworks/Carbon.framework/Versions/A/Frameworks/Help.framework/Versions/A/Help
0x000000000cfdc000 	/System/Library/Frameworks/Carbon.framework/Versions/A/Frameworks/ImageCapture.framework/Versions/A/ImageCapture
0x000000000cfdc000 	/System/Library/Frameworks/Carbon.framework/Versions/A/Frameworks/OpenScripting.framework/Versions/A/OpenScripting
0x000000000cfdc000 	/System/Library/Frameworks/Carbon.framework/Versions/A/Frameworks/Print.framework/Versions/A/Print
0x000000000cfdc000 	/System/Library/Frameworks/Carbon.framework/Versions/A/Frameworks/SecurityHI.framework/Versions/A/SecurityHI
0x00000001debba000 	/Library/Java/JavaVirtualMachines/jdk1.8.0_65.jdk/Contents/Home/jre/lib/libdt_socket.dylib

VM Arguments:
jvm_args: -agentlib:jdwp=transport=dt_socket,suspend=y,address=localhost:63424 -Dfile.encoding=UTF-8 
java_command: com.mk.matchkey.MatchkeyApplication
java_class_path (initial): /Users/anirudhkulkarni/Documents/Projects/matchkey/target/classes:/Users/anirudhkulkarni/.m2/repository/org/springframework/boot/spring-boot-starter-data-jpa/1.5.6.RELEASE/spring-boot-starter-data-jpa-1.5.6.RELEASE.jar:/Users/anirudhkulkarni/.m2/repository/org/springframework/boot/spring-boot-starter/1.5.6.RELEASE/spring-boot-starter-1.5.6.RELEASE.jar:/Users/anirudhkulkarni/.m2/repository/org/springframework/boot/spring-boot/1.5.6.RELEASE/spring-boot-1.5.6.RELEASE.jar:/Users/anirudhkulkarni/.m2/repository/org/springframework/boot/spring-boot-autoconfigure/1.5.6.RELEASE/spring-boot-autoconfigure-1.5.6.RELEASE.jar:/Users/anirudhkulkarni/.m2/repository/org/springframework/boot/spring-boot-starter-logging/1.5.6.RELEASE/spring-boot-starter-logging-1.5.6.RELEASE.jar:/Users/anirudhkulkarni/.m2/repository/ch/qos/logback/logback-classic/1.1.11/logback-classic-1.1.11.jar:/Users/anirudhkulkarni/.m2/repository/ch/qos/logback/logback-core/1.1.11/logback-core-1.1.11.jar:/Users/anirudhkulkarni/.m2/repository/org/slf4j/jul-to-slf4j/1.7.25/jul-to-slf4j-1.7.25.jar:/Users/anirudhkulkarni/.m2/repository/org/slf4j/log4j-over-slf4j/1.7.25/log4j-over-slf4j-1.7.25.jar:/Users/anirudhkulkarni/.m2/repository/org/yaml/snakeyaml/1.17/snakeyaml-1.17.jar:/Users/anirudhkulkarni/.m2/repository/org/springframework/boot/spring-boot-starter-aop/1.5.6.RELEASE/spring-boot-starter-aop-1.5.6.RELEASE.jar:/Users/anirudhkulkarni/.m2/repository/org/springframework/spring-aop/4.3.10.RELEASE/spring-aop-4.3.10.RELEASE.jar:/Users/anirudhkulkarni/.m2/repository/org/aspectj/aspectjweaver/1.8.10/aspectjweaver-1.8.10.jar:/Users/anirudhkulkarni/.m2/repository/org/springframework/boot/spring-boot-starter-jdbc/1.5.6.RELEASE/spring-boot-starter-jdbc-1.5.6.RELEASE.jar:/Users/anirudhkulkarni/.m2/repository/org/apache/tomcat/tomcat-jdbc/8.5.16/tomcat-jdbc-8.5.16.jar:/Users/anirudhkulkarni/.m2/repository/org/apache/tomcat/tomcat-juli/8.5.16/tomcat-juli-8.5.16.jar:/Users/anirudhkulkarni/.m2/reposi
Launcher Type: SUN_STANDARD

Environment Variables:
PATH=/usr/bin:/bin:/usr/sbin:/sbin
SHELL=/bin/bash

Signal Handlers:
SIGSEGV: [libjvm.dylib+0x5a6d31], sa_mask[0]=11111111011111110111111111111111, sa_flags=SA_ONSTACK|SA_RESTART|SA_SIGINFO
SIGBUS: [libjvm.dylib+0x5a6d31], sa_mask[0]=11111111011111110111111111111111, sa_flags=SA_RESTART|SA_SIGINFO
SIGFPE: [libjvm.dylib+0x480a40], sa_mask[0]=11111111011111110111111111111111, sa_flags=SA_RESTART|SA_SIGINFO
SIGPIPE: [libjvm.dylib+0x480a40], sa_mask[0]=11111111011111110111111111111111, sa_flags=SA_RESTART|SA_SIGINFO
SIGXFSZ: [libjvm.dylib+0x480a40], sa_mask[0]=11111111011111110111111111111111, sa_flags=SA_RESTART|SA_SIGINFO
SIGILL: [libjvm.dylib+0x480a40], sa_mask[0]=11111111011111110111111111111111, sa_flags=SA_RESTART|SA_SIGINFO
SIGUSR1: SIG_DFL, sa_mask[0]=00000000000000000000000000000000, sa_flags=none
SIGUSR2: [libjvm.dylib+0x48055e], sa_mask[0]=00100000000000000000000000000000, sa_flags=SA_RESTART|SA_SIGINFO
SIGHUP: [libjvm.dylib+0x47eb35], sa_mask[0]=11111111011111110111111111111111, sa_flags=SA_RESTART|SA_SIGINFO
SIGINT: [libjvm.dylib+0x47eb35], sa_mask[0]=11111111011111110111111111111111, sa_flags=SA_RESTART|SA_SIGINFO
SIGTERM: [libjvm.dylib+0x47eb35], sa_mask[0]=11111111011111110111111111111111, sa_flags=SA_RESTART|SA_SIGINFO
SIGQUIT: [libjvm.dylib+0x47eb35], sa_mask[0]=11111111011111110111111111111111, sa_flags=SA_RESTART|SA_SIGINFO


---------------  S Y S T E M  ---------------

OS:Bsduname:Darwin 14.5.0 Darwin Kernel Version 14.5.0: Thu Jun 16 19:58:21 PDT 2016; root:xnu-2782.50.4~1/RELEASE_X86_64 x86_64
rlimit: STACK 8192k, CORE 0k, NPROC 709, NOFILE 10240, AS infinity
load average:1.47 1.69 1.75

CPU:total 4 (2 cores per cpu, 2 threads per core) family 6 model 61 stepping 4, cmov, cx8, fxsr, mmx, sse, sse2, sse3, ssse3, sse4.1, sse4.2, popcnt, avx, avx2, aes, clmul, erms, 3dnowpref, lzcnt, ht, tsc, tscinvbit, bmi1, bmi2, adx

Memory: 4k page, physical 8388608k(528552k free)

/proc/meminfo:


vm_info: Java HotSpot(TM) 64-Bit Server VM (25.65-b01) for bsd-amd64 JRE (1.8.0_65-b17), built on Oct  6 2015 15:36:46 by "java_re" with gcc 4.2.1 (Based on Apple Inc. build 5658) (LLVM build 2336.11.00)

time: Wed Aug 16 01:11:57 2017
elapsed time: 79 seconds (0d 0h 1m 19s)

